info: Microsoft.AspNetCore.DataProtection.KeyManagement.XmlKeyManager[0]
      User profile is available. Using 'C:\Users\Orfeus\AppData\Local\ASP.NET\DataProtection-Keys' as key repository and Windows DPAPI to encrypt keys at rest.
Hosting environment: Development
Content root path: D:\Projects\GoogleDrive\Programming\C#\Telegram\ShopAsp\TelegramShopAsp
Now listening on: http://127.0.0.1:25999
Application started. Press Ctrl+C to shut down.
info: Microsoft.AspNetCore.Hosting.Internal.WebHost[1]
      Request starting HTTP/1.1 DEBUG http://localhost:17627/  0
info: Microsoft.AspNetCore.Hosting.Internal.WebHost[1]
      Request starting HTTP/1.1 GET http://localhost:44392/values/checkConnectionToDB  
info: Microsoft.AspNetCore.Hosting.Internal.WebHost[2]
      Request finished in 24.2555ms 200 
info: Microsoft.AspNetCore.Mvc.Internal.ControllerActionInvoker[3]
      Route matched with {action = "CheckConnectionToDB", controller = "Values"}. Executing controller action with signature System.String CheckConnectionToDB(System.String) on controller TelegramShopAsp.Controllers.ValuesController (TelegramShopAsp).
info: Microsoft.AspNetCore.Mvc.Internal.ControllerActionInvoker[1]
      Executing action method TelegramShopAsp.Controllers.ValuesController.CheckConnectionToDB (TelegramShopAsp) - Validation state: Valid
info: Microsoft.AspNetCore.Mvc.Internal.ControllerActionInvoker[2]
      Executed action method TelegramShopAsp.Controllers.ValuesController.CheckConnectionToDB (TelegramShopAsp), returned result Microsoft.AspNetCore.Mvc.ObjectResult in 718.0461ms.
info: Microsoft.AspNetCore.Mvc.Infrastructure.ObjectResultExecutor[1]
      Executing ObjectResult, writing value of type 'System.String'.
info: Microsoft.AspNetCore.Mvc.Internal.ControllerActionInvoker[2]
      Executed action TelegramShopAsp.Controllers.ValuesController.CheckConnectionToDB (TelegramShopAsp) in 741.9359ms
info: Microsoft.AspNetCore.Hosting.Internal.WebHost[2]
      Request finished in 890.5882ms 200 text/plain; charset=utf-8
info: Microsoft.AspNetCore.Hosting.Internal.WebHost[1]
      Request starting HTTP/1.1 GET http://localhost:44392/favicon.ico  
info: Microsoft.AspNetCore.Hosting.Internal.WebHost[2]
      Request finished in 1.884ms 404 
info: Microsoft.AspNetCore.Hosting.Internal.WebHost[1]
      Request starting HTTP/1.1 POST http://localhost:44392/values/getUpdate application/json 2776
info: Microsoft.AspNetCore.Mvc.Internal.ControllerActionInvoker[3]
      Route matched with {action = "GetUpdate", controller = "Values"}. Executing controller action with signature Void GetUpdate(TelegramShopAsp.Responses.Response) on controller TelegramShopAsp.Controllers.ValuesController (TelegramShopAsp).
info: Microsoft.AspNetCore.Mvc.Internal.ControllerActionInvoker[1]
      Executing action method TelegramShopAsp.Controllers.ValuesController.GetUpdate (TelegramShopAsp) - Validation state: Valid
Work: a9db53beb2dd448d94b89063d3cb30de850d67b8f1fc4e358b104a23b2b9b934

info: Microsoft.AspNetCore.Mvc.Internal.ControllerActionInvoker[2]
      Executed action method TelegramShopAsp.Controllers.ValuesController.GetUpdate (TelegramShopAsp), returned result Microsoft.AspNetCore.Mvc.EmptyResult in 2184.2513ms.
info: Microsoft.AspNetCore.Mvc.Internal.ControllerActionInvoker[2]
      Executed action TelegramShopAsp.Controllers.ValuesController.GetUpdate (TelegramShopAsp) in 2225.3958ms
info: Microsoft.AspNetCore.Hosting.Internal.WebHost[2]
      Request finished in 2231.5767ms 200 
info: Microsoft.AspNetCore.Hosting.Internal.WebHost[1]
      Request starting HTTP/1.1 POST http://localhost:44392/values/getUpdate application/json 2776
info: Microsoft.AspNetCore.Mvc.Internal.ControllerActionInvoker[3]
      Route matched with {action = "GetUpdate", controller = "Values"}. Executing controller action with signature Void GetUpdate(TelegramShopAsp.Responses.Response) on controller TelegramShopAsp.Controllers.ValuesController (TelegramShopAsp).
info: Microsoft.AspNetCore.Mvc.Internal.ControllerActionInvoker[1]
      Executing action method TelegramShopAsp.Controllers.ValuesController.GetUpdate (TelegramShopAsp) - Validation state: Valid
Work: a9db53beb2dd448d94b89063d3cb30de850d67b8f1fc4e358b104a23b2b9b934

info: Microsoft.AspNetCore.Mvc.Internal.ControllerActionInvoker[2]
      Executed action method TelegramShopAsp.Controllers.ValuesController.GetUpdate (TelegramShopAsp), returned result Microsoft.AspNetCore.Mvc.EmptyResult in 64005.1902ms.
info: Microsoft.AspNetCore.Mvc.Internal.ControllerActionInvoker[2]
      Executed action TelegramShopAsp.Controllers.ValuesController.GetUpdate (TelegramShopAsp) in 64171.0949ms
info: Microsoft.AspNetCore.Hosting.Internal.WebHost[2]
      Request finished in 64259.6222ms 200 
