info: Microsoft.AspNetCore.DataProtection.KeyManagement.XmlKeyManager[0]
      User profile is available. Using 'C:\Users\Orfeus\AppData\Local\ASP.NET\DataProtection-Keys' as key repository and Windows DPAPI to encrypt keys at rest.
Hosting environment: Development
Content root path: D:\Projects\GoogleDrive\Programming\C#\Telegram\ShopAsp\TelegramShopAsp
Now listening on: http://127.0.0.1:29859
Application started. Press Ctrl+C to shut down.
info: Microsoft.AspNetCore.Hosting.Internal.WebHost[1]
      Request starting HTTP/1.1 GET http://localhost:44392/values/checkConnectionToDB  
info: Microsoft.AspNetCore.Hosting.Internal.WebHost[1]
      Request starting HTTP/1.1 DEBUG http://localhost:17627/  0
info: Microsoft.AspNetCore.Hosting.Internal.WebHost[2]
      Request finished in 23.0823ms 200 
info: Microsoft.AspNetCore.Mvc.Internal.ControllerActionInvoker[3]
      Route matched with {action = "CheckConnectionToDB", controller = "Values"}. Executing controller action with signature System.String CheckConnectionToDB(System.String) on controller TelegramShopAsp.Controllers.ValuesController (TelegramShopAsp).
info: Microsoft.AspNetCore.Mvc.Internal.ControllerActionInvoker[1]
      Executing action method TelegramShopAsp.Controllers.ValuesController.CheckConnectionToDB (TelegramShopAsp) - Validation state: Valid
info: Microsoft.AspNetCore.Mvc.Internal.ControllerActionInvoker[2]
      Executed action method TelegramShopAsp.Controllers.ValuesController.CheckConnectionToDB (TelegramShopAsp), returned result Microsoft.AspNetCore.Mvc.ObjectResult in 187.6265ms.
info: Microsoft.AspNetCore.Mvc.Infrastructure.ObjectResultExecutor[1]
      Executing ObjectResult, writing value of type 'System.String'.
info: Microsoft.AspNetCore.Mvc.Internal.ControllerActionInvoker[2]
      Executed action TelegramShopAsp.Controllers.ValuesController.CheckConnectionToDB (TelegramShopAsp) in 223.0879ms
info: Microsoft.AspNetCore.Hosting.Internal.WebHost[2]
      Request finished in 367.0062ms 200 text/plain; charset=utf-8
info: Microsoft.AspNetCore.Hosting.Internal.WebHost[1]
      Request starting HTTP/1.1 GET http://localhost:44392/favicon.ico  
info: Microsoft.AspNetCore.Hosting.Internal.WebHost[2]
      Request finished in 1.9944ms 404 
info: Microsoft.AspNetCore.Hosting.Internal.WebHost[1]
      Request starting HTTP/1.1 GET http://localhost:44392/values/startBot  
info: Microsoft.AspNetCore.Mvc.Internal.ControllerActionInvoker[3]
      Route matched with {action = "StartBot", controller = "Values"}. Executing controller action with signature System.String StartBot(System.String) on controller TelegramShopAsp.Controllers.ValuesController (TelegramShopAsp).
info: Microsoft.AspNetCore.Mvc.Internal.ControllerActionInvoker[1]
      Executing action method TelegramShopAsp.Controllers.ValuesController.StartBot (TelegramShopAsp) - Validation state: Valid
...

Work: a9db53beb2dd448d94b89063d3cb30de850d67b8f1fc4e358b104a23b2b9b934

..

Work: 467fb4f0c7ee4717b41eb03a928606c20                               

..

Work: 467fb4f0c7ee4717b41eb03a928606c244101ad78f854ae2bf6cc07e0d046414

..

Work: 467fb4f0c7ee4717b41eb03a928606c2DC9333CD9E634F3EA56C7E5931AF8A1E

..

Work: 467fb4f0c7ee4717b41eb03a928606c2534C05181E0D4D71801E067AD18026C7

..

Work: a880c0e3a97a464684fd7bf4e4dfd2638f67bcba8de54a6180e6ca01f46627f1

..

Work: b3f677b777334e248ebf777f65c1a6f08f67bcba8de54a6180e6ca01f46627f1

..

Work: a880c0e3a97a464684fd7bf4e4dfd2638f67bcba8de54a6180e6ca01f46627f1

..

Work: 467fb4f0c97e4717b41eb03a928606c28f67bcba8de54a6180e6ca01f46627f1

....

Work: 

......

Work: b3f677b777334e248ebf777f65c1a6f08f67bcba8de54a6180e6ca01f46627f1

..

Work: a880c0e3a97a464684fd7bf4e4dfd2638f67bcba8de54a6180e6ca01f46627f1

....

Work: 467fb4f0c7ee4717b41eb03a928606c20                               

..

Work: 467fb4f0c7ee4717b41eb03a928606c244101ad78f854ae2bf6cc07e0d046414

..

Work: 467fb4f0c7ee4717b41eb03a928606c2DC9333CD9E634F3EA56C7E5931AF8A1E

.

Work: 467fb4f0c7ee4717b41eb03a928606c2534C05181E0D4D71801E067AD18026C7

..

Work: a880c0e3a97a464684fd7bf4e4dfd2638f67bcba8de54a6180e6ca01f46627f1

..

Work: b3f677b777334e248ebf777f65c1a6f08f67bcba8de54a6180e6ca01f46627f1

..

Work: a880c0e3a97a464684fd7bf4e4dfd2638f67bcba8de54a6180e6ca01f46627f1

..

Work: 467fb4f0c97e4717b41eb03a928606c28f67bcba8de54a6180e6ca01f46627f1

....

Work: 

....

Work: 4132494683684e3e85c176e409b17fdaDC9333CD9E634F3EA56C7E5931AF8A1E

..

Work: 4132494683684e3e85c176e409b17fda534C05181E0D4D71801E067AD18026C7

...

Work: ??

....

Work: 6326f765692c4692a9156350170626e3062f59d855664228a569a0d91868f583

.

Work: 6326f765692c4692a9156350170626e3062f59d855664228a569a0d91868f583

....

Work: ??

