info: Microsoft.AspNetCore.DataProtection.KeyManagement.XmlKeyManager[0]
      User profile is available. Using 'C:\Users\Orfeus\AppData\Local\ASP.NET\DataProtection-Keys' as key repository and Windows DPAPI to encrypt keys at rest.
Hosting environment: Development
Content root path: D:\Projects\GoogleDrive\Programming\C#\Telegram\ShopAsp\TelegramShopAsp
Now listening on: http://127.0.0.1:25647
Application started. Press Ctrl+C to shut down.
info: Microsoft.AspNetCore.Hosting.Internal.WebHost[1]
      Request starting HTTP/1.1 DEBUG http://localhost:17627/  0
info: Microsoft.AspNetCore.Hosting.Internal.WebHost[1]
      Request starting HTTP/1.1 GET http://localhost:44392/values/checkConnectionToDB  
info: Microsoft.AspNetCore.Hosting.Internal.WebHost[2]
      Request finished in 24.5159ms 200 
info: Microsoft.AspNetCore.Mvc.Internal.ControllerActionInvoker[3]
      Route matched with {action = "CheckConnectionToDB", controller = "Values"}. Executing controller action with signature System.String CheckConnectionToDB(System.String) on controller TelegramShopAsp.Controllers.ValuesController (TelegramShopAsp).
info: Microsoft.AspNetCore.Mvc.Internal.ControllerActionInvoker[1]
      Executing action method TelegramShopAsp.Controllers.ValuesController.CheckConnectionToDB (TelegramShopAsp) - Validation state: Valid
warn: Microsoft.EntityFrameworkCore.Model.Validation[20601]
      The 'bool' property 'isActive' on entity type 'Buyers' is configured with a database-generated default. This default will always be used for inserts when the property has the value 'false', since this is the CLR default for the 'bool' type. Consider using the nullable 'bool?' type instead so that the default will only be used for inserts when the property value is 'null'.
warn: Microsoft.EntityFrameworkCore.Model.Validation[20601]
      The 'bool' property 'isActive' on entity type 'SellerGoods' is configured with a database-generated default. This default will always be used for inserts when the property has the value 'false', since this is the CLR default for the 'bool' type. Consider using the nullable 'bool?' type instead so that the default will only be used for inserts when the property value is 'null'.
info: Microsoft.EntityFrameworkCore.Infrastructure[10403]
      Entity Framework Core 2.1.14-servicing-32113 initialized 'DB_A566BC_xenichContext' using provider 'Microsoft.EntityFrameworkCore.SqlServer' with options: None
info: Microsoft.EntityFrameworkCore.Database.Command[20101]
      Executed DbCommand (187ms) [Parameters=[@ret='?' (Direction = Output) (DbType = Int32), @value='?' (DbType = Int32)], CommandType='Text', CommandTimeout='30']
      EXEC	 [dbo].[prCheckConnectionToDB] @value, @ret OUTPUT
info: Microsoft.AspNetCore.Mvc.Internal.ControllerActionInvoker[2]
      Executed action method TelegramShopAsp.Controllers.ValuesController.CheckConnectionToDB (TelegramShopAsp), returned result Microsoft.AspNetCore.Mvc.ObjectResult in 1338.3099ms.
info: Microsoft.AspNetCore.Mvc.Infrastructure.ObjectResultExecutor[1]
      Executing ObjectResult, writing value of type 'System.String'.
info: Microsoft.AspNetCore.Mvc.Internal.ControllerActionInvoker[2]
      Executed action TelegramShopAsp.Controllers.ValuesController.CheckConnectionToDB (TelegramShopAsp) in 1464.4898ms
info: Microsoft.AspNetCore.Hosting.Internal.WebHost[2]
      Request finished in 1627.8734ms 200 text/plain; charset=utf-8
info: Microsoft.AspNetCore.Hosting.Internal.WebHost[1]
      Request starting HTTP/1.1 GET http://localhost:44392/favicon.ico  
info: Microsoft.AspNetCore.Hosting.Internal.WebHost[2]
      Request finished in 1.9013ms 404 
info: Microsoft.AspNetCore.Hosting.Internal.WebHost[1]
      Request starting HTTP/1.1 GET http://localhost:44392/values/startBot?id=3132304771  
info: Microsoft.AspNetCore.Mvc.Internal.ControllerActionInvoker[3]
      Route matched with {action = "StartBot", controller = "Values"}. Executing controller action with signature System.String StartBot(Int32) on controller TelegramShopAsp.Controllers.ValuesController (TelegramShopAsp).
info: Microsoft.AspNetCore.Mvc.Infrastructure.ObjectResultExecutor[1]
      Executing ObjectResult, writing value of type 'Microsoft.AspNetCore.Mvc.SerializableError'.
info: Microsoft.AspNetCore.Mvc.Internal.ControllerActionInvoker[2]
      Executed action TelegramShopAsp.Controllers.ValuesController.StartBot (TelegramShopAsp) in 88.2531ms
info: Microsoft.AspNetCore.Hosting.Internal.WebHost[2]
      Request finished in 93.8094ms 400 application/json; charset=utf-8
info: Microsoft.AspNetCore.Hosting.Internal.WebHost[1]
      Request starting HTTP/1.1 GET http://localhost:44392/values/startBot?id=3132304771  
info: Microsoft.AspNetCore.Mvc.Internal.ControllerActionInvoker[3]
      Route matched with {action = "StartBot", controller = "Values"}. Executing controller action with signature System.String StartBot(Int32) on controller TelegramShopAsp.Controllers.ValuesController (TelegramShopAsp).
info: Microsoft.AspNetCore.Mvc.Infrastructure.ObjectResultExecutor[1]
      Executing ObjectResult, writing value of type 'Microsoft.AspNetCore.Mvc.SerializableError'.
info: Microsoft.AspNetCore.Mvc.Internal.ControllerActionInvoker[2]
      Executed action TelegramShopAsp.Controllers.ValuesController.StartBot (TelegramShopAsp) in 36.135ms
info: Microsoft.AspNetCore.Hosting.Internal.WebHost[2]
      Request finished in 40.3651ms 400 application/json; charset=utf-8
info: Microsoft.AspNetCore.Hosting.Internal.WebHost[1]
      Request starting HTTP/1.1 GET http://localhost:44392/values/startBot?id=3132304771  
info: Microsoft.AspNetCore.Mvc.Internal.ControllerActionInvoker[3]
      Route matched with {action = "StartBot", controller = "Values"}. Executing controller action with signature System.String StartBot(Int32) on controller TelegramShopAsp.Controllers.ValuesController (TelegramShopAsp).
info: Microsoft.AspNetCore.Mvc.Infrastructure.ObjectResultExecutor[1]
      Executing ObjectResult, writing value of type 'Microsoft.AspNetCore.Mvc.SerializableError'.
info: Microsoft.AspNetCore.Mvc.Internal.ControllerActionInvoker[2]
      Executed action TelegramShopAsp.Controllers.ValuesController.StartBot (TelegramShopAsp) in 36.4257ms
info: Microsoft.AspNetCore.Hosting.Internal.WebHost[2]
      Request finished in 41.0789ms 400 application/json; charset=utf-8
info: Microsoft.AspNetCore.Hosting.Internal.WebHost[1]
      Request starting HTTP/1.1 GET http://localhost:44392/values/startBot?id=3132304771  
info: Microsoft.AspNetCore.Mvc.Internal.ControllerActionInvoker[3]
      Route matched with {action = "StartBot", controller = "Values"}. Executing controller action with signature System.String StartBot(Int32) on controller TelegramShopAsp.Controllers.ValuesController (TelegramShopAsp).
info: Microsoft.AspNetCore.Mvc.Infrastructure.ObjectResultExecutor[1]
      Executing ObjectResult, writing value of type 'Microsoft.AspNetCore.Mvc.SerializableError'.
info: Microsoft.AspNetCore.Mvc.Internal.ControllerActionInvoker[2]
      Executed action TelegramShopAsp.Controllers.ValuesController.StartBot (TelegramShopAsp) in 35.7729ms
info: Microsoft.AspNetCore.Hosting.Internal.WebHost[2]
      Request finished in 39.8749ms 400 application/json; charset=utf-8
info: Microsoft.AspNetCore.Hosting.Internal.WebHost[1]
      Request starting HTTP/1.1 GET http://localhost:44392/values/startBot?id=3132304771  
info: Microsoft.AspNetCore.Mvc.Internal.ControllerActionInvoker[3]
      Route matched with {action = "StartBot", controller = "Values"}. Executing controller action with signature System.String StartBot(Int32) on controller TelegramShopAsp.Controllers.ValuesController (TelegramShopAsp).
info: Microsoft.AspNetCore.Mvc.Infrastructure.ObjectResultExecutor[1]
      Executing ObjectResult, writing value of type 'Microsoft.AspNetCore.Mvc.SerializableError'.
info: Microsoft.AspNetCore.Mvc.Internal.ControllerActionInvoker[2]
      Executed action TelegramShopAsp.Controllers.ValuesController.StartBot (TelegramShopAsp) in 35.9621ms
info: Microsoft.AspNetCore.Hosting.Internal.WebHost[2]
      Request finished in 40.3423ms 400 application/json; charset=utf-8
info: Microsoft.AspNetCore.Hosting.Internal.WebHost[1]
      Request starting HTTP/1.1 GET http://localhost:44392/values/startBot?id=3132304771  
info: Microsoft.AspNetCore.Mvc.Internal.ControllerActionInvoker[3]
      Route matched with {action = "StartBot", controller = "Values"}. Executing controller action with signature System.String StartBot(Int32) on controller TelegramShopAsp.Controllers.ValuesController (TelegramShopAsp).
info: Microsoft.AspNetCore.Mvc.Infrastructure.ObjectResultExecutor[1]
      Executing ObjectResult, writing value of type 'Microsoft.AspNetCore.Mvc.SerializableError'.
info: Microsoft.AspNetCore.Mvc.Internal.ControllerActionInvoker[2]
      Executed action TelegramShopAsp.Controllers.ValuesController.StartBot (TelegramShopAsp) in 36.5434ms
info: Microsoft.AspNetCore.Hosting.Internal.WebHost[2]
      Request finished in 40.6327ms 400 application/json; charset=utf-8
info: Microsoft.AspNetCore.Hosting.Internal.WebHost[1]
      Request starting HTTP/1.1 GET http://localhost:44392/values/startBot?id=3132304771  
info: Microsoft.AspNetCore.Mvc.Internal.ControllerActionInvoker[3]
      Route matched with {action = "StartBot", controller = "Values"}. Executing controller action with signature System.String StartBot(Int32) on controller TelegramShopAsp.Controllers.ValuesController (TelegramShopAsp).
info: Microsoft.AspNetCore.Mvc.Infrastructure.ObjectResultExecutor[1]
      Executing ObjectResult, writing value of type 'Microsoft.AspNetCore.Mvc.SerializableError'.
info: Microsoft.AspNetCore.Mvc.Internal.ControllerActionInvoker[2]
      Executed action TelegramShopAsp.Controllers.ValuesController.StartBot (TelegramShopAsp) in 36.3336ms
info: Microsoft.AspNetCore.Hosting.Internal.WebHost[2]
      Request finished in 41.0452ms 400 application/json; charset=utf-8
